{"C:\\Users\\Sabri\\fb-clone-new - MERN\\server\\controllers\\posts-controller.js": {"path":"C:\\Users\\Sabri\\fb-clone-new - MERN\\server\\controllers\\posts-controller.js","statementMap":{"0":{"start":{"line":1,"column":13},"end":{"line":1,"column":45}},"1":{"start":{"line":3,"column":0},"end":{"line":31,"column":1}},"2":{"start":{"line":4,"column":17},"end":{"line":4,"column":25}},"3":{"start":{"line":6,"column":4},"end":{"line":11,"column":5}},"4":{"start":{"line":7,"column":8},"end":{"line":10,"column":10}},"5":{"start":{"line":13,"column":17},"end":{"line":13,"column":31}},"6":{"start":{"line":15,"column":4},"end":{"line":17,"column":5}},"7":{"start":{"line":16,"column":8},"end":{"line":16,"column":67}},"8":{"start":{"line":19,"column":4},"end":{"line":30,"column":6}},"9":{"start":{"line":20,"column":8},"end":{"line":24,"column":10}},"10":{"start":{"line":26,"column":8},"end":{"line":29,"column":10}},"11":{"start":{"line":33,"column":0},"end":{"line":71,"column":1}},"12":{"start":{"line":34,"column":17},"end":{"line":34,"column":25}},"13":{"start":{"line":36,"column":4},"end":{"line":41,"column":5}},"14":{"start":{"line":37,"column":8},"end":{"line":40,"column":10}},"15":{"start":{"line":43,"column":4},"end":{"line":70,"column":6}},"16":{"start":{"line":44,"column":8},"end":{"line":49,"column":9}},"17":{"start":{"line":45,"column":12},"end":{"line":48,"column":14}},"18":{"start":{"line":51,"column":8},"end":{"line":51,"column":35}},"19":{"start":{"line":52,"column":8},"end":{"line":52,"column":41}},"20":{"start":{"line":53,"column":8},"end":{"line":53,"column":37}},"21":{"start":{"line":54,"column":8},"end":{"line":54,"column":33}},"22":{"start":{"line":55,"column":8},"end":{"line":55,"column":31}},"23":{"start":{"line":56,"column":8},"end":{"line":56,"column":27}},"24":{"start":{"line":58,"column":4},"end":{"line":69,"column":8}},"25":{"start":{"line":59,"column":8},"end":{"line":63,"column":10}},"26":{"start":{"line":65,"column":8},"end":{"line":68,"column":10}},"27":{"start":{"line":73,"column":0},"end":{"line":85,"column":1}},"28":{"start":{"line":74,"column":4},"end":{"line":84,"column":37}},"29":{"start":{"line":75,"column":8},"end":{"line":77,"column":9}},"30":{"start":{"line":76,"column":12},"end":{"line":76,"column":71}},"31":{"start":{"line":79,"column":8},"end":{"line":81,"column":9}},"32":{"start":{"line":80,"column":12},"end":{"line":80,"column":94}},"33":{"start":{"line":83,"column":8},"end":{"line":83,"column":66}},"34":{"start":{"line":84,"column":20},"end":{"line":84,"column":36}},"35":{"start":{"line":87,"column":0},"end":{"line":98,"column":1}},"36":{"start":{"line":88,"column":4},"end":{"line":97,"column":37}},"37":{"start":{"line":89,"column":8},"end":{"line":91,"column":9}},"38":{"start":{"line":90,"column":12},"end":{"line":90,"column":71}},"39":{"start":{"line":93,"column":8},"end":{"line":95,"column":9}},"40":{"start":{"line":94,"column":12},"end":{"line":94,"column":94}},"41":{"start":{"line":96,"column":8},"end":{"line":96,"column":66}},"42":{"start":{"line":97,"column":20},"end":{"line":97,"column":36}},"43":{"start":{"line":100,"column":0},"end":{"line":111,"column":1}},"44":{"start":{"line":101,"column":4},"end":{"line":110,"column":37}},"45":{"start":{"line":102,"column":8},"end":{"line":104,"column":9}},"46":{"start":{"line":103,"column":12},"end":{"line":103,"column":71}},"47":{"start":{"line":106,"column":8},"end":{"line":108,"column":9}},"48":{"start":{"line":107,"column":12},"end":{"line":107,"column":94}},"49":{"start":{"line":109,"column":8},"end":{"line":109,"column":68}},"50":{"start":{"line":110,"column":20},"end":{"line":110,"column":36}},"51":{"start":{"line":113,"column":0},"end":{"line":123,"column":1}},"52":{"start":{"line":114,"column":4},"end":{"line":122,"column":37}},"53":{"start":{"line":115,"column":8},"end":{"line":117,"column":9}},"54":{"start":{"line":116,"column":12},"end":{"line":116,"column":71}},"55":{"start":{"line":118,"column":8},"end":{"line":120,"column":9}},"56":{"start":{"line":119,"column":12},"end":{"line":119,"column":94}},"57":{"start":{"line":121,"column":8},"end":{"line":121,"column":68}},"58":{"start":{"line":122,"column":20},"end":{"line":122,"column":36}},"59":{"start":{"line":125,"column":0},"end":{"line":135,"column":1}},"60":{"start":{"line":126,"column":4},"end":{"line":134,"column":37}},"61":{"start":{"line":127,"column":8},"end":{"line":129,"column":9}},"62":{"start":{"line":128,"column":12},"end":{"line":128,"column":71}},"63":{"start":{"line":130,"column":8},"end":{"line":132,"column":9}},"64":{"start":{"line":131,"column":12},"end":{"line":131,"column":94}},"65":{"start":{"line":133,"column":8},"end":{"line":133,"column":68}},"66":{"start":{"line":134,"column":20},"end":{"line":134,"column":36}},"67":{"start":{"line":137,"column":0},"end":{"line":147,"column":1}},"68":{"start":{"line":138,"column":4},"end":{"line":146,"column":37}},"69":{"start":{"line":139,"column":8},"end":{"line":141,"column":9}},"70":{"start":{"line":140,"column":12},"end":{"line":140,"column":71}},"71":{"start":{"line":142,"column":8},"end":{"line":144,"column":9}},"72":{"start":{"line":143,"column":12},"end":{"line":143,"column":94}},"73":{"start":{"line":145,"column":8},"end":{"line":145,"column":68}},"74":{"start":{"line":146,"column":20},"end":{"line":146,"column":36}},"75":{"start":{"line":149,"column":0},"end":{"line":159,"column":1}}},"fnMap":{"0":{"name":"(anonymous_0)","decl":{"start":{"line":3,"column":13},"end":{"line":3,"column":14}},"loc":{"start":{"line":3,"column":27},"end":{"line":31,"column":1}},"line":3},"1":{"name":"(anonymous_1)","decl":{"start":{"line":19,"column":21},"end":{"line":19,"column":22}},"loc":{"start":{"line":19,"column":27},"end":{"line":25,"column":5}},"line":19},"2":{"name":"(anonymous_2)","decl":{"start":{"line":25,"column":13},"end":{"line":25,"column":14}},"loc":{"start":{"line":25,"column":22},"end":{"line":30,"column":5}},"line":25},"3":{"name":"(anonymous_3)","decl":{"start":{"line":33,"column":13},"end":{"line":33,"column":14}},"loc":{"start":{"line":33,"column":33},"end":{"line":71,"column":1}},"line":33},"4":{"name":"(anonymous_4)","decl":{"start":{"line":43,"column":41},"end":{"line":43,"column":42}},"loc":{"start":{"line":43,"column":56},"end":{"line":70,"column":5}},"line":43},"5":{"name":"(anonymous_5)","decl":{"start":{"line":58,"column":21},"end":{"line":58,"column":22}},"loc":{"start":{"line":58,"column":27},"end":{"line":64,"column":5}},"line":58},"6":{"name":"(anonymous_6)","decl":{"start":{"line":64,"column":13},"end":{"line":64,"column":14}},"loc":{"start":{"line":64,"column":22},"end":{"line":69,"column":7}},"line":64},"7":{"name":"(anonymous_7)","decl":{"start":{"line":73,"column":13},"end":{"line":73,"column":14}},"loc":{"start":{"line":73,"column":33},"end":{"line":85,"column":1}},"line":73},"8":{"name":"(anonymous_8)","decl":{"start":{"line":74,"column":56},"end":{"line":74,"column":57}},"loc":{"start":{"line":74,"column":71},"end":{"line":84,"column":5}},"line":74},"9":{"name":"(anonymous_9)","decl":{"start":{"line":84,"column":13},"end":{"line":84,"column":14}},"loc":{"start":{"line":84,"column":20},"end":{"line":84,"column":36}},"line":84},"10":{"name":"(anonymous_10)","decl":{"start":{"line":87,"column":14},"end":{"line":87,"column":15}},"loc":{"start":{"line":87,"column":34},"end":{"line":98,"column":1}},"line":87},"11":{"name":"(anonymous_11)","decl":{"start":{"line":88,"column":47},"end":{"line":88,"column":48}},"loc":{"start":{"line":88,"column":62},"end":{"line":97,"column":5}},"line":88},"12":{"name":"(anonymous_12)","decl":{"start":{"line":97,"column":13},"end":{"line":97,"column":14}},"loc":{"start":{"line":97,"column":20},"end":{"line":97,"column":36}},"line":97},"13":{"name":"(anonymous_13)","decl":{"start":{"line":100,"column":14},"end":{"line":100,"column":15}},"loc":{"start":{"line":100,"column":34},"end":{"line":111,"column":1}},"line":100},"14":{"name":"(anonymous_14)","decl":{"start":{"line":101,"column":51},"end":{"line":101,"column":52}},"loc":{"start":{"line":101,"column":67},"end":{"line":110,"column":5}},"line":101},"15":{"name":"(anonymous_15)","decl":{"start":{"line":110,"column":13},"end":{"line":110,"column":14}},"loc":{"start":{"line":110,"column":20},"end":{"line":110,"column":36}},"line":110},"16":{"name":"(anonymous_16)","decl":{"start":{"line":113,"column":14},"end":{"line":113,"column":15}},"loc":{"start":{"line":113,"column":34},"end":{"line":123,"column":1}},"line":113},"17":{"name":"(anonymous_17)","decl":{"start":{"line":114,"column":60},"end":{"line":114,"column":61}},"loc":{"start":{"line":114,"column":76},"end":{"line":122,"column":5}},"line":114},"18":{"name":"(anonymous_18)","decl":{"start":{"line":122,"column":13},"end":{"line":122,"column":14}},"loc":{"start":{"line":122,"column":20},"end":{"line":122,"column":36}},"line":122},"19":{"name":"(anonymous_19)","decl":{"start":{"line":125,"column":15},"end":{"line":125,"column":16}},"loc":{"start":{"line":125,"column":35},"end":{"line":135,"column":1}},"line":125},"20":{"name":"(anonymous_20)","decl":{"start":{"line":126,"column":72},"end":{"line":126,"column":73}},"loc":{"start":{"line":126,"column":88},"end":{"line":134,"column":5}},"line":126},"21":{"name":"(anonymous_21)","decl":{"start":{"line":134,"column":13},"end":{"line":134,"column":14}},"loc":{"start":{"line":134,"column":20},"end":{"line":134,"column":36}},"line":134},"22":{"name":"(anonymous_22)","decl":{"start":{"line":137,"column":17},"end":{"line":137,"column":18}},"loc":{"start":{"line":137,"column":37},"end":{"line":147,"column":1}},"line":137},"23":{"name":"(anonymous_23)","decl":{"start":{"line":138,"column":98},"end":{"line":138,"column":99}},"loc":{"start":{"line":138,"column":114},"end":{"line":146,"column":5}},"line":138},"24":{"name":"(anonymous_24)","decl":{"start":{"line":146,"column":13},"end":{"line":146,"column":14}},"loc":{"start":{"line":146,"column":20},"end":{"line":146,"column":36}},"line":146}},"branchMap":{"0":{"loc":{"start":{"line":6,"column":4},"end":{"line":11,"column":5}},"type":"if","locations":[{"start":{"line":6,"column":4},"end":{"line":11,"column":5}},{"start":{"line":6,"column":4},"end":{"line":11,"column":5}}],"line":6},"1":{"loc":{"start":{"line":15,"column":4},"end":{"line":17,"column":5}},"type":"if","locations":[{"start":{"line":15,"column":4},"end":{"line":17,"column":5}},{"start":{"line":15,"column":4},"end":{"line":17,"column":5}}],"line":15},"2":{"loc":{"start":{"line":36,"column":4},"end":{"line":41,"column":5}},"type":"if","locations":[{"start":{"line":36,"column":4},"end":{"line":41,"column":5}},{"start":{"line":36,"column":4},"end":{"line":41,"column":5}}],"line":36},"3":{"loc":{"start":{"line":44,"column":8},"end":{"line":49,"column":9}},"type":"if","locations":[{"start":{"line":44,"column":8},"end":{"line":49,"column":9}},{"start":{"line":44,"column":8},"end":{"line":49,"column":9}}],"line":44},"4":{"loc":{"start":{"line":75,"column":8},"end":{"line":77,"column":9}},"type":"if","locations":[{"start":{"line":75,"column":8},"end":{"line":77,"column":9}},{"start":{"line":75,"column":8},"end":{"line":77,"column":9}}],"line":75},"5":{"loc":{"start":{"line":79,"column":8},"end":{"line":81,"column":9}},"type":"if","locations":[{"start":{"line":79,"column":8},"end":{"line":81,"column":9}},{"start":{"line":79,"column":8},"end":{"line":81,"column":9}}],"line":79},"6":{"loc":{"start":{"line":89,"column":8},"end":{"line":91,"column":9}},"type":"if","locations":[{"start":{"line":89,"column":8},"end":{"line":91,"column":9}},{"start":{"line":89,"column":8},"end":{"line":91,"column":9}}],"line":89},"7":{"loc":{"start":{"line":93,"column":8},"end":{"line":95,"column":9}},"type":"if","locations":[{"start":{"line":93,"column":8},"end":{"line":95,"column":9}},{"start":{"line":93,"column":8},"end":{"line":95,"column":9}}],"line":93},"8":{"loc":{"start":{"line":102,"column":8},"end":{"line":104,"column":9}},"type":"if","locations":[{"start":{"line":102,"column":8},"end":{"line":104,"column":9}},{"start":{"line":102,"column":8},"end":{"line":104,"column":9}}],"line":102},"9":{"loc":{"start":{"line":106,"column":8},"end":{"line":108,"column":9}},"type":"if","locations":[{"start":{"line":106,"column":8},"end":{"line":108,"column":9}},{"start":{"line":106,"column":8},"end":{"line":108,"column":9}}],"line":106},"10":{"loc":{"start":{"line":115,"column":8},"end":{"line":117,"column":9}},"type":"if","locations":[{"start":{"line":115,"column":8},"end":{"line":117,"column":9}},{"start":{"line":115,"column":8},"end":{"line":117,"column":9}}],"line":115},"11":{"loc":{"start":{"line":118,"column":8},"end":{"line":120,"column":9}},"type":"if","locations":[{"start":{"line":118,"column":8},"end":{"line":120,"column":9}},{"start":{"line":118,"column":8},"end":{"line":120,"column":9}}],"line":118},"12":{"loc":{"start":{"line":127,"column":8},"end":{"line":129,"column":9}},"type":"if","locations":[{"start":{"line":127,"column":8},"end":{"line":129,"column":9}},{"start":{"line":127,"column":8},"end":{"line":129,"column":9}}],"line":127},"13":{"loc":{"start":{"line":130,"column":8},"end":{"line":132,"column":9}},"type":"if","locations":[{"start":{"line":130,"column":8},"end":{"line":132,"column":9}},{"start":{"line":130,"column":8},"end":{"line":132,"column":9}}],"line":130},"14":{"loc":{"start":{"line":139,"column":8},"end":{"line":141,"column":9}},"type":"if","locations":[{"start":{"line":139,"column":8},"end":{"line":141,"column":9}},{"start":{"line":139,"column":8},"end":{"line":141,"column":9}}],"line":139},"15":{"loc":{"start":{"line":142,"column":8},"end":{"line":144,"column":9}},"type":"if","locations":[{"start":{"line":142,"column":8},"end":{"line":144,"column":9}},{"start":{"line":142,"column":8},"end":{"line":144,"column":9}}],"line":142}},"s":{"0":1,"1":1,"2":1,"3":1,"4":0,"5":1,"6":1,"7":0,"8":1,"9":0,"10":0,"11":1,"12":0,"13":0,"14":0,"15":0,"16":0,"17":0,"18":0,"19":0,"20":0,"21":0,"22":0,"23":0,"24":0,"25":0,"26":0,"27":1,"28":0,"29":0,"30":0,"31":0,"32":0,"33":0,"34":0,"35":1,"36":0,"37":0,"38":0,"39":0,"40":0,"41":0,"42":0,"43":1,"44":0,"45":0,"46":0,"47":0,"48":0,"49":0,"50":0,"51":1,"52":0,"53":0,"54":0,"55":0,"56":0,"57":0,"58":0,"59":1,"60":0,"61":0,"62":0,"63":0,"64":0,"65":0,"66":0,"67":1,"68":0,"69":0,"70":0,"71":0,"72":0,"73":0,"74":0,"75":1},"f":{"0":1,"1":0,"2":0,"3":0,"4":0,"5":0,"6":0,"7":0,"8":0,"9":0,"10":0,"11":0,"12":0,"13":0,"14":0,"15":0,"16":0,"17":0,"18":0,"19":0,"20":0,"21":0,"22":0,"23":0,"24":0},"b":{"0":[0,1],"1":[0,1],"2":[0,0],"3":[0,0],"4":[0,0],"5":[0,0],"6":[0,0],"7":[0,0],"8":[0,0],"9":[0,0],"10":[0,0],"11":[0,0],"12":[0,0],"13":[0,0],"14":[0,0],"15":[0,0]},"_coverageSchema":"1a1c01bbd47fc00a2c39e90264f33305004495a9","hash":"40bec99f283a3521dab00c50fe9c4cad725f647d"}
,"C:\\Users\\Sabri\\fb-clone-new - MERN\\server\\models\\posts-model.js": {"path":"C:\\Users\\Sabri\\fb-clone-new - MERN\\server\\models\\posts-model.js","statementMap":{"0":{"start":{"line":2,"column":17},"end":{"line":2,"column":36}},"1":{"start":{"line":3,"column":15},"end":{"line":3,"column":30}},"2":{"start":{"line":5,"column":13},"end":{"line":16,"column":1}},"3":{"start":{"line":18,"column":0},"end":{"line":18,"column":46}}},"fnMap":{},"branchMap":{},"s":{"0":1,"1":1,"2":1,"3":1},"f":{},"b":{},"_coverageSchema":"1a1c01bbd47fc00a2c39e90264f33305004495a9","hash":"d9158c6ef18f578d8acd667f7cee6ec8cb67c427"}
}
